The system is: Linux - 5.9.16-100.fc32.x86_64 - x86_64
Compiling the C compiler identification source file "CMakeCCompilerId.c" succeeded.
Compiler: /usr/lib64/ccache/cc 
Build flags: 
Id flags:  

The output was:
0


Compilation of the C compiler identification source "CMakeCCompilerId.c" produced "a.out"

The C compiler identification is GNU, found in "/home/gary/Documents/Coding/C++/Skila/build/CMakeFiles/3.17.4/CompilerIdC/a.out"

Compiling the CXX compiler identification source file "CMakeCXXCompilerId.cpp" succeeded.
Compiler: /usr/lib64/ccache/c++ 
Build flags: 
Id flags:  

The output was:
0


Compilation of the CXX compiler identification source "CMakeCXXCompilerId.cpp" produced "a.out"

The CXX compiler identification is GNU, found in "/home/gary/Documents/Coding/C++/Skila/build/CMakeFiles/3.17.4/CompilerIdCXX/a.out"

Determining if the C compiler works passed with the following output:
Change Dir: /home/gary/Documents/Coding/C++/Skila/build/CMakeFiles/CMakeTmp

Run Build Command(s):/usr/bin/gmake cmTC_254f2/fast && /usr/bin/gmake  -f CMakeFiles/cmTC_254f2.dir/build.make CMakeFiles/cmTC_254f2.dir/build
gmake[1]: Entering directory '/home/gary/Documents/Coding/C++/Skila/build/CMakeFiles/CMakeTmp'
Building C object CMakeFiles/cmTC_254f2.dir/testCCompiler.c.o
/usr/lib64/ccache/cc    -o CMakeFiles/cmTC_254f2.dir/testCCompiler.c.o   -c /home/gary/Documents/Coding/C++/Skila/build/CMakeFiles/CMakeTmp/testCCompiler.c
Linking C executable cmTC_254f2
/usr/bin/cmake -E cmake_link_script CMakeFiles/cmTC_254f2.dir/link.txt --verbose=1
/usr/lib64/ccache/cc      CMakeFiles/cmTC_254f2.dir/testCCompiler.c.o  -o cmTC_254f2 
gmake[1]: Leaving directory '/home/gary/Documents/Coding/C++/Skila/build/CMakeFiles/CMakeTmp'



Detecting C compiler ABI info compiled with the following output:
Change Dir: /home/gary/Documents/Coding/C++/Skila/build/CMakeFiles/CMakeTmp

Run Build Command(s):/usr/bin/gmake cmTC_751b4/fast && /usr/bin/gmake  -f CMakeFiles/cmTC_751b4.dir/build.make CMakeFiles/cmTC_751b4.dir/build
gmake[1]: Entering directory '/home/gary/Documents/Coding/C++/Skila/build/CMakeFiles/CMakeTmp'
Building C object CMakeFiles/cmTC_751b4.dir/CMakeCCompilerABI.c.o
/usr/lib64/ccache/cc   -v -o CMakeFiles/cmTC_751b4.dir/CMakeCCompilerABI.c.o   -c /usr/share/cmake/Modules/CMakeCCompilerABI.c
Using built-in specs.
COLLECT_GCC=/usr/bin/cc
OFFLOAD_TARGET_NAMES=nvptx-none
OFFLOAD_TARGET_DEFAULT=1
Target: x86_64-redhat-linux
Configured with: ../configure --enable-bootstrap --enable-languages=c,c++,fortran,objc,obj-c++,ada,go,d,lto --prefix=/usr --mandir=/usr/share/man --infodir=/usr/share/info --with-bugurl=http://bugzilla.redhat.com/bugzilla --enable-shared --enable-threads=posix --enable-checking=release --enable-multilib --with-system-zlib --enable-__cxa_atexit --disable-libunwind-exceptions --enable-gnu-unique-object --enable-linker-build-id --with-gcc-major-version-only --with-linker-hash-style=gnu --enable-plugin --enable-initfini-array --with-isl --enable-offload-targets=nvptx-none --without-cuda-driver --enable-gnu-indirect-function --enable-cet --with-tune=generic --with-arch_32=i686 --build=x86_64-redhat-linux
Thread model: posix
Supported LTO compression algorithms: zlib zstd
gcc version 10.2.1 20201125 (Red Hat 10.2.1-9) (GCC) 
COLLECT_GCC_OPTIONS='-v' '-c' '-o' 'CMakeFiles/cmTC_f8e69.dir/CMakeCCompilerABI.c.o' '-mtune=generic' '-march=x86-64'
 /usr/libexec/gcc/x86_64-redhat-linux/10/cc1 -quiet -v /usr/share/cmake/Modules/CMakeCCompilerABI.c -quiet -dumpbase CMakeCCompilerABI.c -mtune=generic -march=x86-64 -auxbase-strip CMakeFiles/cmTC_f8e69.dir/CMakeCCompilerABI.c.o -version -o /tmp/ccPUP01m.s
GNU C17 (GCC) version 10.2.1 20201125 (Red Hat 10.2.1-9) (x86_64-redhat-linux)
	compiled by GNU C version 10.2.1 20201125 (Red Hat 10.2.1-9), GMP version 6.1.2, MPFR version 4.0.2-p9, MPC version 1.1.0, isl version isl-0.16.1-GMP

GGC heuristics: --param ggc-min-expand=100 --param ggc-min-heapsize=131072
ignoring nonexistent directory "/usr/lib/gcc/x86_64-redhat-linux/10/include-fixed"
ignoring nonexistent directory "/usr/lib/gcc/x86_64-redhat-linux/10/../../../../x86_64-redhat-linux/include"
#include "..." search starts here:
#include <...> search starts here:
 /usr/lib/gcc/x86_64-redhat-linux/10/include
 /usr/local/include
 /usr/include
End of search list.
GNU C17 (GCC) version 10.2.1 20201125 (Red Hat 10.2.1-9) (x86_64-redhat-linux)
	compiled by GNU C version 10.2.1 20201125 (Red Hat 10.2.1-9), GMP version 6.1.2, MPFR version 4.0.2-p9, MPC version 1.1.0, isl version isl-0.16.1-GMP

GGC heuristics: --param ggc-min-expand=100 --param ggc-min-heapsize=131072
Compiler executable checksum: 0b6dd30bc3320f2fb3c9d475d9e03b8f
COLLECT_GCC_OPTIONS='-v' '-c' '-o' 'CMakeFiles/cmTC_f8e69.dir/CMakeCCompilerABI.c.o' '-mtune=generic' '-march=x86-64'
 as -v --64 -o CMakeFiles/cmTC_f8e69.dir/CMakeCCompilerABI.c.o /tmp/ccPUP01m.s
GNU assembler version 2.34 (x86_64-redhat-linux) using BFD version version 2.34-6.fc32
COMPILER_PATH=/usr/libexec/gcc/x86_64-redhat-linux/10/:/usr/libexec/gcc/x86_64-redhat-linux/10/:/usr/libexec/gcc/x86_64-redhat-linux/:/usr/lib/gcc/x86_64-redhat-linux/10/:/usr/lib/gcc/x86_64-redhat-linux/
LIBRARY_PATH=/usr/lib/gcc/x86_64-redhat-linux/10/:/usr/lib/gcc/x86_64-redhat-linux/10/../../../../lib64/:/lib/../lib64/:/usr/lib/../lib64/:/usr/lib/gcc/x86_64-redhat-linux/10/../../../:/lib/:/usr/lib/
COLLECT_GCC_OPTIONS='-v' '-c' '-o' 'CMakeFiles/cmTC_f8e69.dir/CMakeCCompilerABI.c.o' '-mtune=generic' '-march=x86-64'
Linking C executable cmTC_751b4
/usr/bin/cmake -E cmake_link_script CMakeFiles/cmTC_751b4.dir/link.txt --verbose=1
/usr/lib64/ccache/cc     -v CMakeFiles/cmTC_751b4.dir/CMakeCCompilerABI.c.o  -o cmTC_751b4 
Using built-in specs.
COLLECT_GCC=/usr/bin/cc
COLLECT_LTO_WRAPPER=/usr/libexec/gcc/x86_64-redhat-linux/10/lto-wrapper
OFFLOAD_TARGET_NAMES=nvptx-none
OFFLOAD_TARGET_DEFAULT=1
Target: x86_64-redhat-linux
Configured with: ../configure --enable-bootstrap --enable-languages=c,c++,fortran,objc,obj-c++,ada,go,d,lto --prefix=/usr --mandir=/usr/share/man --infodir=/usr/share/info --with-bugurl=http://bugzilla.redhat.com/bugzilla --enable-shared --enable-threads=posix --enable-checking=release --enable-multilib --with-system-zlib --enable-__cxa_atexit --disable-libunwind-exceptions --enable-gnu-unique-object --enable-linker-build-id --with-gcc-major-version-only --with-linker-hash-style=gnu --enable-plugin --enable-initfini-array --with-isl --enable-offload-targets=nvptx-none --without-cuda-driver --enable-gnu-indirect-function --enable-cet --with-tune=generic --with-arch_32=i686 --build=x86_64-redhat-linux
Thread model: posix
Supported LTO compression algorithms: zlib zstd
gcc version 10.2.1 20201125 (Red Hat 10.2.1-9) (GCC) 
COMPILER_PATH=/usr/libexec/gcc/x86_64-redhat-linux/10/:/usr/libexec/gcc/x86_64-redhat-linux/10/:/usr/libexec/gcc/x86_64-redhat-linux/:/usr/lib/gcc/x86_64-redhat-linux/10/:/usr/lib/gcc/x86_64-redhat-linux/
LIBRARY_PATH=/usr/lib/gcc/x86_64-redhat-linux/10/:/usr/lib/gcc/x86_64-redhat-linux/10/../../../../lib64/:/lib/../lib64/:/usr/lib/../lib64/:/usr/lib/gcc/x86_64-redhat-linux/10/../../../:/lib/:/usr/lib/
COLLECT_GCC_OPTIONS='-v' '-o' 'cmTC_751b4' '-mtune=generic' '-march=x86-64'
 /usr/libexec/gcc/x86_64-redhat-linux/10/collect2 -plugin /usr/libexec/gcc/x86_64-redhat-linux/10/liblto_plugin.so -plugin-opt=/usr/libexec/gcc/x86_64-redhat-linux/10/lto-wrapper -plugin-opt=-fresolution=/tmp/ccYrdYQr.res -plugin-opt=-pass-through=-lgcc -plugin-opt=-pass-through=-lgcc_s -plugin-opt=-pass-through=-lc -plugin-opt=-pass-through=-lgcc -plugin-opt=-pass-through=-lgcc_s --build-id --no-add-needed --eh-frame-hdr --hash-style=gnu -m elf_x86_64 -dynamic-linker /lib64/ld-linux-x86-64.so.2 -o cmTC_751b4 /usr/lib/gcc/x86_64-redhat-linux/10/../../../../lib64/crt1.o /usr/lib/gcc/x86_64-redhat-linux/10/../../../../lib64/crti.o /usr/lib/gcc/x86_64-redhat-linux/10/crtbegin.o -L/usr/lib/gcc/x86_64-redhat-linux/10 -L/usr/lib/gcc/x86_64-redhat-linux/10/../../../../lib64 -L/lib/../lib64 -L/usr/lib/../lib64 -L/usr/lib/gcc/x86_64-redhat-linux/10/../../.. CMakeFiles/cmTC_751b4.dir/CMakeCCompilerABI.c.o -lgcc --push-state --as-needed -lgcc_s --pop-state -lc -lgcc --push-state --as-needed -lgcc_s --pop-state /usr/lib/gcc/x86_64-redhat-linux/10/crtend.o /usr/lib/gcc/x86_64-redhat-linux/10/../../../../lib64/crtn.o
COLLECT_GCC_OPTIONS='-v' '-o' 'cmTC_751b4' '-mtune=generic' '-march=x86-64'
gmake[1]: Leaving directory '/home/gary/Documents/Coding/C++/Skila/build/CMakeFiles/CMakeTmp'



Parsed C implicit include dir info from above output: rv=done
  found start of include info
  found start of implicit include info
    add: [/usr/lib/gcc/x86_64-redhat-linux/10/include]
    add: [/usr/local/include]
    add: [/usr/include]
  end of search list found
  collapse include dir [/usr/lib/gcc/x86_64-redhat-linux/10/include] ==> [/usr/lib/gcc/x86_64-redhat-linux/10/include]
  collapse include dir [/usr/local/include] ==> [/usr/local/include]
  collapse include dir [/usr/include] ==> [/usr/include]
  implicit include dirs: [/usr/lib/gcc/x86_64-redhat-linux/10/include;/usr/local/include;/usr/include]


Parsed C implicit link information from above output:
  link line regex: [^( *|.*[/\])(ld|CMAKE_LINK_STARTFILE-NOTFOUND|([^/\]+-)?ld|collect2)[^/\]*( |$)]
  ignore line: [Change Dir: /home/gary/Documents/Coding/C++/Skila/build/CMakeFiles/CMakeTmp]
  ignore line: []
  ignore line: [Run Build Command(s):/usr/bin/gmake cmTC_751b4/fast && /usr/bin/gmake  -f CMakeFiles/cmTC_751b4.dir/build.make CMakeFiles/cmTC_751b4.dir/build]
  ignore line: [gmake[1]: Entering directory '/home/gary/Documents/Coding/C++/Skila/build/CMakeFiles/CMakeTmp']
  ignore line: [Building C object CMakeFiles/cmTC_751b4.dir/CMakeCCompilerABI.c.o]
  ignore line: [/usr/lib64/ccache/cc   -v -o CMakeFiles/cmTC_751b4.dir/CMakeCCompilerABI.c.o   -c /usr/share/cmake/Modules/CMakeCCompilerABI.c]
  ignore line: [Using built-in specs.]
  ignore line: [COLLECT_GCC=/usr/bin/cc]
  ignore line: [OFFLOAD_TARGET_NAMES=nvptx-none]
  ignore line: [OFFLOAD_TARGET_DEFAULT=1]
  ignore line: [Target: x86_64-redhat-linux]
  ignore line: [Configured with: ../configure --enable-bootstrap --enable-languages=c c++ fortran objc obj-c++ ada go d lto --prefix=/usr --mandir=/usr/share/man --infodir=/usr/share/info --with-bugurl=http://bugzilla.redhat.com/bugzilla --enable-shared --enable-threads=posix --enable-checking=release --enable-multilib --with-system-zlib --enable-__cxa_atexit --disable-libunwind-exceptions --enable-gnu-unique-object --enable-linker-build-id --with-gcc-major-version-only --with-linker-hash-style=gnu --enable-plugin --enable-initfini-array --with-isl --enable-offload-targets=nvptx-none --without-cuda-driver --enable-gnu-indirect-function --enable-cet --with-tune=generic --with-arch_32=i686 --build=x86_64-redhat-linux]
  ignore line: [Thread model: posix]
  ignore line: [Supported LTO compression algorithms: zlib zstd]
  ignore line: [gcc version 10.2.1 20201125 (Red Hat 10.2.1-9) (GCC) ]
  ignore line: [COLLECT_GCC_OPTIONS='-v' '-c' '-o' 'CMakeFiles/cmTC_f8e69.dir/CMakeCCompilerABI.c.o' '-mtune=generic' '-march=x86-64']
  ignore line: [ /usr/libexec/gcc/x86_64-redhat-linux/10/cc1 -quiet -v /usr/share/cmake/Modules/CMakeCCompilerABI.c -quiet -dumpbase CMakeCCompilerABI.c -mtune=generic -march=x86-64 -auxbase-strip CMakeFiles/cmTC_f8e69.dir/CMakeCCompilerABI.c.o -version -o /tmp/ccPUP01m.s]
  ignore line: [GNU C17 (GCC) version 10.2.1 20201125 (Red Hat 10.2.1-9) (x86_64-redhat-linux)]
  ignore line: [	compiled by GNU C version 10.2.1 20201125 (Red Hat 10.2.1-9)  GMP version 6.1.2  MPFR version 4.0.2-p9  MPC version 1.1.0  isl version isl-0.16.1-GMP]
  ignore line: []
  ignore line: [GGC heuristics: --param ggc-min-expand=100 --param ggc-min-heapsize=131072]
  ignore line: [ignoring nonexistent directory "/usr/lib/gcc/x86_64-redhat-linux/10/include-fixed"]
  ignore line: [ignoring nonexistent directory "/usr/lib/gcc/x86_64-redhat-linux/10/../../../../x86_64-redhat-linux/include"]
  ignore line: [#include "..." search starts here:]
  ignore line: [#include <...> search starts here:]
  ignore line: [ /usr/lib/gcc/x86_64-redhat-linux/10/include]
  ignore line: [ /usr/local/include]
  ignore line: [ /usr/include]
  ignore line: [End of search list.]
  ignore line: [GNU C17 (GCC) version 10.2.1 20201125 (Red Hat 10.2.1-9) (x86_64-redhat-linux)]
  ignore line: [	compiled by GNU C version 10.2.1 20201125 (Red Hat 10.2.1-9)  GMP version 6.1.2  MPFR version 4.0.2-p9  MPC version 1.1.0  isl version isl-0.16.1-GMP]
  ignore line: []
  ignore line: [GGC heuristics: --param ggc-min-expand=100 --param ggc-min-heapsize=131072]
  ignore line: [Compiler executable checksum: 0b6dd30bc3320f2fb3c9d475d9e03b8f]
  ignore line: [COLLECT_GCC_OPTIONS='-v' '-c' '-o' 'CMakeFiles/cmTC_f8e69.dir/CMakeCCompilerABI.c.o' '-mtune=generic' '-march=x86-64']
  ignore line: [ as -v --64 -o CMakeFiles/cmTC_f8e69.dir/CMakeCCompilerABI.c.o /tmp/ccPUP01m.s]
  ignore line: [GNU assembler version 2.34 (x86_64-redhat-linux) using BFD version version 2.34-6.fc32]
  ignore line: [COMPILER_PATH=/usr/libexec/gcc/x86_64-redhat-linux/10/:/usr/libexec/gcc/x86_64-redhat-linux/10/:/usr/libexec/gcc/x86_64-redhat-linux/:/usr/lib/gcc/x86_64-redhat-linux/10/:/usr/lib/gcc/x86_64-redhat-linux/]
  ignore line: [LIBRARY_PATH=/usr/lib/gcc/x86_64-redhat-linux/10/:/usr/lib/gcc/x86_64-redhat-linux/10/../../../../lib64/:/lib/../lib64/:/usr/lib/../lib64/:/usr/lib/gcc/x86_64-redhat-linux/10/../../../:/lib/:/usr/lib/]
  ignore line: [COLLECT_GCC_OPTIONS='-v' '-c' '-o' 'CMakeFiles/cmTC_f8e69.dir/CMakeCCompilerABI.c.o' '-mtune=generic' '-march=x86-64']
  ignore line: [Linking C executable cmTC_751b4]
  ignore line: [/usr/bin/cmake -E cmake_link_script CMakeFiles/cmTC_751b4.dir/link.txt --verbose=1]
  ignore line: [/usr/lib64/ccache/cc     -v CMakeFiles/cmTC_751b4.dir/CMakeCCompilerABI.c.o  -o cmTC_751b4 ]
  ignore line: [Using built-in specs.]
  ignore line: [COLLECT_GCC=/usr/bin/cc]
  ignore line: [COLLECT_LTO_WRAPPER=/usr/libexec/gcc/x86_64-redhat-linux/10/lto-wrapper]
  ignore line: [OFFLOAD_TARGET_NAMES=nvptx-none]
  ignore line: [OFFLOAD_TARGET_DEFAULT=1]
  ignore line: [Target: x86_64-redhat-linux]
  ignore line: [Configured with: ../configure --enable-bootstrap --enable-languages=c c++ fortran objc obj-c++ ada go d lto --prefix=/usr --mandir=/usr/share/man --infodir=/usr/share/info --with-bugurl=http://bugzilla.redhat.com/bugzilla --enable-shared --enable-threads=posix --enable-checking=release --enable-multilib --with-system-zlib --enable-__cxa_atexit --disable-libunwind-exceptions --enable-gnu-unique-object --enable-linker-build-id --with-gcc-major-version-only --with-linker-hash-style=gnu --enable-plugin --enable-initfini-array --with-isl --enable-offload-targets=nvptx-none --without-cuda-driver --enable-gnu-indirect-function --enable-cet --with-tune=generic --with-arch_32=i686 --build=x86_64-redhat-linux]
  ignore line: [Thread model: posix]
  ignore line: [Supported LTO compression algorithms: zlib zstd]
  ignore line: [gcc version 10.2.1 20201125 (Red Hat 10.2.1-9) (GCC) ]
  ignore line: [COMPILER_PATH=/usr/libexec/gcc/x86_64-redhat-linux/10/:/usr/libexec/gcc/x86_64-redhat-linux/10/:/usr/libexec/gcc/x86_64-redhat-linux/:/usr/lib/gcc/x86_64-redhat-linux/10/:/usr/lib/gcc/x86_64-redhat-linux/]
  ignore line: [LIBRARY_PATH=/usr/lib/gcc/x86_64-redhat-linux/10/:/usr/lib/gcc/x86_64-redhat-linux/10/../../../../lib64/:/lib/../lib64/:/usr/lib/../lib64/:/usr/lib/gcc/x86_64-redhat-linux/10/../../../:/lib/:/usr/lib/]
  ignore line: [COLLECT_GCC_OPTIONS='-v' '-o' 'cmTC_751b4' '-mtune=generic' '-march=x86-64']
  link line: [ /usr/libexec/gcc/x86_64-redhat-linux/10/collect2 -plugin /usr/libexec/gcc/x86_64-redhat-linux/10/liblto_plugin.so -plugin-opt=/usr/libexec/gcc/x86_64-redhat-linux/10/lto-wrapper -plugin-opt=-fresolution=/tmp/ccYrdYQr.res -plugin-opt=-pass-through=-lgcc -plugin-opt=-pass-through=-lgcc_s -plugin-opt=-pass-through=-lc -plugin-opt=-pass-through=-lgcc -plugin-opt=-pass-through=-lgcc_s --build-id --no-add-needed --eh-frame-hdr --hash-style=gnu -m elf_x86_64 -dynamic-linker /lib64/ld-linux-x86-64.so.2 -o cmTC_751b4 /usr/lib/gcc/x86_64-redhat-linux/10/../../../../lib64/crt1.o /usr/lib/gcc/x86_64-redhat-linux/10/../../../../lib64/crti.o /usr/lib/gcc/x86_64-redhat-linux/10/crtbegin.o -L/usr/lib/gcc/x86_64-redhat-linux/10 -L/usr/lib/gcc/x86_64-redhat-linux/10/../../../../lib64 -L/lib/../lib64 -L/usr/lib/../lib64 -L/usr/lib/gcc/x86_64-redhat-linux/10/../../.. CMakeFiles/cmTC_751b4.dir/CMakeCCompilerABI.c.o -lgcc --push-state --as-needed -lgcc_s --pop-state -lc -lgcc --push-state --as-needed -lgcc_s --pop-state /usr/lib/gcc/x86_64-redhat-linux/10/crtend.o /usr/lib/gcc/x86_64-redhat-linux/10/../../../../lib64/crtn.o]
    arg [/usr/libexec/gcc/x86_64-redhat-linux/10/collect2] ==> ignore
    arg [-plugin] ==> ignore
    arg [/usr/libexec/gcc/x86_64-redhat-linux/10/liblto_plugin.so] ==> ignore
    arg [-plugin-opt=/usr/libexec/gcc/x86_64-redhat-linux/10/lto-wrapper] ==> ignore
    arg [-plugin-opt=-fresolution=/tmp/ccYrdYQr.res] ==> ignore
    arg [-plugin-opt=-pass-through=-lgcc] ==> ignore
    arg [-plugin-opt=-pass-through=-lgcc_s] ==> ignore
    arg [-plugin-opt=-pass-through=-lc] ==> ignore
    arg [-plugin-opt=-pass-through=-lgcc] ==> ignore
    arg [-plugin-opt=-pass-through=-lgcc_s] ==> ignore
    arg [--build-id] ==> ignore
    arg [--no-add-needed] ==> ignore
    arg [--eh-frame-hdr] ==> ignore
    arg [--hash-style=gnu] ==> ignore
    arg [-m] ==> ignore
    arg [elf_x86_64] ==> ignore
    arg [-dynamic-linker] ==> ignore
    arg [/lib64/ld-linux-x86-64.so.2] ==> ignore
    arg [-o] ==> ignore
    arg [cmTC_751b4] ==> ignore
    arg [/usr/lib/gcc/x86_64-redhat-linux/10/../../../../lib64/crt1.o] ==> ignore
    arg [/usr/lib/gcc/x86_64-redhat-linux/10/../../../../lib64/crti.o] ==> ignore
    arg [/usr/lib/gcc/x86_64-redhat-linux/10/crtbegin.o] ==> ignore
    arg [-L/usr/lib/gcc/x86_64-redhat-linux/10] ==> dir [/usr/lib/gcc/x86_64-redhat-linux/10]
    arg [-L/usr/lib/gcc/x86_64-redhat-linux/10/../../../../lib64] ==> dir [/usr/lib/gcc/x86_64-redhat-linux/10/../../../../lib64]
    arg [-L/lib/../lib64] ==> dir [/lib/../lib64]
    arg [-L/usr/lib/../lib64] ==> dir [/usr/lib/../lib64]
    arg [-L/usr/lib/gcc/x86_64-redhat-linux/10/../../..] ==> dir [/usr/lib/gcc/x86_64-redhat-linux/10/../../..]
    arg [CMakeFiles/cmTC_751b4.dir/CMakeCCompilerABI.c.o] ==> ignore
    arg [-lgcc] ==> lib [gcc]
    arg [--push-state] ==> ignore
    arg [--as-needed] ==> ignore
    arg [-lgcc_s] ==> lib [gcc_s]
    arg [--pop-state] ==> ignore
    arg [-lc] ==> lib [c]
    arg [-lgcc] ==> lib [gcc]
    arg [--push-state] ==> ignore
    arg [--as-needed] ==> ignore
    arg [-lgcc_s] ==> lib [gcc_s]
    arg [--pop-state] ==> ignore
    arg [/usr/lib/gcc/x86_64-redhat-linux/10/crtend.o] ==> ignore
    arg [/usr/lib/gcc/x86_64-redhat-linux/10/../../../../lib64/crtn.o] ==> ignore
  collapse library dir [/usr/lib/gcc/x86_64-redhat-linux/10] ==> [/usr/lib/gcc/x86_64-redhat-linux/10]
  collapse library dir [/usr/lib/gcc/x86_64-redhat-linux/10/../../../../lib64] ==> [/usr/lib64]
  collapse library dir [/lib/../lib64] ==> [/lib64]
  collapse library dir [/usr/lib/../lib64] ==> [/usr/lib64]
  collapse library dir [/usr/lib/gcc/x86_64-redhat-linux/10/../../..] ==> [/usr/lib]
  implicit libs: [gcc;gcc_s;c;gcc;gcc_s]
  implicit dirs: [/usr/lib/gcc/x86_64-redhat-linux/10;/usr/lib64;/lib64;/usr/lib]
  implicit fwks: []


Determining if the CXX compiler works passed with the following output:
Change Dir: /home/gary/Documents/Coding/C++/Skila/build/CMakeFiles/CMakeTmp

Run Build Command(s):/usr/bin/gmake cmTC_a5659/fast && /usr/bin/gmake  -f CMakeFiles/cmTC_a5659.dir/build.make CMakeFiles/cmTC_a5659.dir/build
gmake[1]: Entering directory '/home/gary/Documents/Coding/C++/Skila/build/CMakeFiles/CMakeTmp'
Building CXX object CMakeFiles/cmTC_a5659.dir/testCXXCompiler.cxx.o
/usr/lib64/ccache/c++     -o CMakeFiles/cmTC_a5659.dir/testCXXCompiler.cxx.o -c /home/gary/Documents/Coding/C++/Skila/build/CMakeFiles/CMakeTmp/testCXXCompiler.cxx
Linking CXX executable cmTC_a5659
/usr/bin/cmake -E cmake_link_script CMakeFiles/cmTC_a5659.dir/link.txt --verbose=1
/usr/lib64/ccache/c++       CMakeFiles/cmTC_a5659.dir/testCXXCompiler.cxx.o  -o cmTC_a5659 
gmake[1]: Leaving directory '/home/gary/Documents/Coding/C++/Skila/build/CMakeFiles/CMakeTmp'



Detecting CXX compiler ABI info compiled with the following output:
Change Dir: /home/gary/Documents/Coding/C++/Skila/build/CMakeFiles/CMakeTmp

Run Build Command(s):/usr/bin/gmake cmTC_e484b/fast && /usr/bin/gmake  -f CMakeFiles/cmTC_e484b.dir/build.make CMakeFiles/cmTC_e484b.dir/build
gmake[1]: Entering directory '/home/gary/Documents/Coding/C++/Skila/build/CMakeFiles/CMakeTmp'
Building CXX object CMakeFiles/cmTC_e484b.dir/CMakeCXXCompilerABI.cpp.o
/usr/lib64/ccache/c++    -v -o CMakeFiles/cmTC_e484b.dir/CMakeCXXCompilerABI.cpp.o -c /usr/share/cmake/Modules/CMakeCXXCompilerABI.cpp
Using built-in specs.
COLLECT_GCC=/usr/bin/c++
OFFLOAD_TARGET_NAMES=nvptx-none
OFFLOAD_TARGET_DEFAULT=1
Target: x86_64-redhat-linux
Configured with: ../configure --enable-bootstrap --enable-languages=c,c++,fortran,objc,obj-c++,ada,go,d,lto --prefix=/usr --mandir=/usr/share/man --infodir=/usr/share/info --with-bugurl=http://bugzilla.redhat.com/bugzilla --enable-shared --enable-threads=posix --enable-checking=release --enable-multilib --with-system-zlib --enable-__cxa_atexit --disable-libunwind-exceptions --enable-gnu-unique-object --enable-linker-build-id --with-gcc-major-version-only --with-linker-hash-style=gnu --enable-plugin --enable-initfini-array --with-isl --enable-offload-targets=nvptx-none --without-cuda-driver --enable-gnu-indirect-function --enable-cet --with-tune=generic --with-arch_32=i686 --build=x86_64-redhat-linux
Thread model: posix
Supported LTO compression algorithms: zlib zstd
gcc version 10.2.1 20201125 (Red Hat 10.2.1-9) (GCC) 
COLLECT_GCC_OPTIONS='-v' '-c' '-o' 'CMakeFiles/cmTC_4b369.dir/CMakeCXXCompilerABI.cpp.o' '-shared-libgcc' '-mtune=generic' '-march=x86-64'
 /usr/libexec/gcc/x86_64-redhat-linux/10/cc1plus -quiet -v -D_GNU_SOURCE /usr/share/cmake/Modules/CMakeCXXCompilerABI.cpp -quiet -dumpbase CMakeCXXCompilerABI.cpp -mtune=generic -march=x86-64 -auxbase-strip CMakeFiles/cmTC_4b369.dir/CMakeCXXCompilerABI.cpp.o -version -o /tmp/ccfXrmvu.s
GNU C++14 (GCC) version 10.2.1 20201125 (Red Hat 10.2.1-9) (x86_64-redhat-linux)
	compiled by GNU C version 10.2.1 20201125 (Red Hat 10.2.1-9), GMP version 6.1.2, MPFR version 4.0.2-p9, MPC version 1.1.0, isl version isl-0.16.1-GMP

GGC heuristics: --param ggc-min-expand=100 --param ggc-min-heapsize=131072
ignoring nonexistent directory "/usr/lib/gcc/x86_64-redhat-linux/10/include-fixed"
ignoring nonexistent directory "/usr/lib/gcc/x86_64-redhat-linux/10/../../../../x86_64-redhat-linux/include"
#include "..." search starts here:
#include <...> search starts here:
 /usr/lib/gcc/x86_64-redhat-linux/10/../../../../include/c++/10
 /usr/lib/gcc/x86_64-redhat-linux/10/../../../../include/c++/10/x86_64-redhat-linux
 /usr/lib/gcc/x86_64-redhat-linux/10/../../../../include/c++/10/backward
 /usr/lib/gcc/x86_64-redhat-linux/10/include
 /usr/local/include
 /usr/include
End of search list.
GNU C++14 (GCC) version 10.2.1 20201125 (Red Hat 10.2.1-9) (x86_64-redhat-linux)
	compiled by GNU C version 10.2.1 20201125 (Red Hat 10.2.1-9), GMP version 6.1.2, MPFR version 4.0.2-p9, MPC version 1.1.0, isl version isl-0.16.1-GMP

GGC heuristics: --param ggc-min-expand=100 --param ggc-min-heapsize=131072
Compiler executable checksum: 91221a52cf769686e1017ee522138a7f
COLLECT_GCC_OPTIONS='-v' '-c' '-o' 'CMakeFiles/cmTC_4b369.dir/CMakeCXXCompilerABI.cpp.o' '-shared-libgcc' '-mtune=generic' '-march=x86-64'
 as -v --64 -o CMakeFiles/cmTC_4b369.dir/CMakeCXXCompilerABI.cpp.o /tmp/ccfXrmvu.s
GNU assembler version 2.34 (x86_64-redhat-linux) using BFD version version 2.34-6.fc32
COMPILER_PATH=/usr/libexec/gcc/x86_64-redhat-linux/10/:/usr/libexec/gcc/x86_64-redhat-linux/10/:/usr/libexec/gcc/x86_64-redhat-linux/:/usr/lib/gcc/x86_64-redhat-linux/10/:/usr/lib/gcc/x86_64-redhat-linux/
LIBRARY_PATH=/usr/lib/gcc/x86_64-redhat-linux/10/:/usr/lib/gcc/x86_64-redhat-linux/10/../../../../lib64/:/lib/../lib64/:/usr/lib/../lib64/:/usr/lib/gcc/x86_64-redhat-linux/10/../../../:/lib/:/usr/lib/
COLLECT_GCC_OPTIONS='-v' '-c' '-o' 'CMakeFiles/cmTC_4b369.dir/CMakeCXXCompilerABI.cpp.o' '-shared-libgcc' '-mtune=generic' '-march=x86-64'
Linking CXX executable cmTC_e484b
/usr/bin/cmake -E cmake_link_script CMakeFiles/cmTC_e484b.dir/link.txt --verbose=1
/usr/lib64/ccache/c++      -v CMakeFiles/cmTC_e484b.dir/CMakeCXXCompilerABI.cpp.o  -o cmTC_e484b 
Using built-in specs.
COLLECT_GCC=/usr/bin/c++
COLLECT_LTO_WRAPPER=/usr/libexec/gcc/x86_64-redhat-linux/10/lto-wrapper
OFFLOAD_TARGET_NAMES=nvptx-none
OFFLOAD_TARGET_DEFAULT=1
Target: x86_64-redhat-linux
Configured with: ../configure --enable-bootstrap --enable-languages=c,c++,fortran,objc,obj-c++,ada,go,d,lto --prefix=/usr --mandir=/usr/share/man --infodir=/usr/share/info --with-bugurl=http://bugzilla.redhat.com/bugzilla --enable-shared --enable-threads=posix --enable-checking=release --enable-multilib --with-system-zlib --enable-__cxa_atexit --disable-libunwind-exceptions --enable-gnu-unique-object --enable-linker-build-id --with-gcc-major-version-only --with-linker-hash-style=gnu --enable-plugin --enable-initfini-array --with-isl --enable-offload-targets=nvptx-none --without-cuda-driver --enable-gnu-indirect-function --enable-cet --with-tune=generic --with-arch_32=i686 --build=x86_64-redhat-linux
Thread model: posix
Supported LTO compression algorithms: zlib zstd
gcc version 10.2.1 20201125 (Red Hat 10.2.1-9) (GCC) 
COMPILER_PATH=/usr/libexec/gcc/x86_64-redhat-linux/10/:/usr/libexec/gcc/x86_64-redhat-linux/10/:/usr/libexec/gcc/x86_64-redhat-linux/:/usr/lib/gcc/x86_64-redhat-linux/10/:/usr/lib/gcc/x86_64-redhat-linux/
LIBRARY_PATH=/usr/lib/gcc/x86_64-redhat-linux/10/:/usr/lib/gcc/x86_64-redhat-linux/10/../../../../lib64/:/lib/../lib64/:/usr/lib/../lib64/:/usr/lib/gcc/x86_64-redhat-linux/10/../../../:/lib/:/usr/lib/
COLLECT_GCC_OPTIONS='-v' '-o' 'cmTC_e484b' '-shared-libgcc' '-mtune=generic' '-march=x86-64'
 /usr/libexec/gcc/x86_64-redhat-linux/10/collect2 -plugin /usr/libexec/gcc/x86_64-redhat-linux/10/liblto_plugin.so -plugin-opt=/usr/libexec/gcc/x86_64-redhat-linux/10/lto-wrapper -plugin-opt=-fresolution=/tmp/ccnYDTwO.res -plugin-opt=-pass-through=-lgcc_s -plugin-opt=-pass-through=-lgcc -plugin-opt=-pass-through=-lc -plugin-opt=-pass-through=-lgcc_s -plugin-opt=-pass-through=-lgcc --build-id --no-add-needed --eh-frame-hdr --hash-style=gnu -m elf_x86_64 -dynamic-linker /lib64/ld-linux-x86-64.so.2 -o cmTC_e484b /usr/lib/gcc/x86_64-redhat-linux/10/../../../../lib64/crt1.o /usr/lib/gcc/x86_64-redhat-linux/10/../../../../lib64/crti.o /usr/lib/gcc/x86_64-redhat-linux/10/crtbegin.o -L/usr/lib/gcc/x86_64-redhat-linux/10 -L/usr/lib/gcc/x86_64-redhat-linux/10/../../../../lib64 -L/lib/../lib64 -L/usr/lib/../lib64 -L/usr/lib/gcc/x86_64-redhat-linux/10/../../.. CMakeFiles/cmTC_e484b.dir/CMakeCXXCompilerABI.cpp.o -lstdc++ -lm -lgcc_s -lgcc -lc -lgcc_s -lgcc /usr/lib/gcc/x86_64-redhat-linux/10/crtend.o /usr/lib/gcc/x86_64-redhat-linux/10/../../../../lib64/crtn.o
COLLECT_GCC_OPTIONS='-v' '-o' 'cmTC_e484b' '-shared-libgcc' '-mtune=generic' '-march=x86-64'
gmake[1]: Leaving directory '/home/gary/Documents/Coding/C++/Skila/build/CMakeFiles/CMakeTmp'



Parsed CXX implicit include dir info from above output: rv=done
  found start of include info
  found start of implicit include info
    add: [/usr/lib/gcc/x86_64-redhat-linux/10/../../../../include/c++/10]
    add: [/usr/lib/gcc/x86_64-redhat-linux/10/../../../../include/c++/10/x86_64-redhat-linux]
    add: [/usr/lib/gcc/x86_64-redhat-linux/10/../../../../include/c++/10/backward]
    add: [/usr/lib/gcc/x86_64-redhat-linux/10/include]
    add: [/usr/local/include]
    add: [/usr/include]
  end of search list found
  collapse include dir [/usr/lib/gcc/x86_64-redhat-linux/10/../../../../include/c++/10] ==> [/usr/include/c++/10]
  collapse include dir [/usr/lib/gcc/x86_64-redhat-linux/10/../../../../include/c++/10/x86_64-redhat-linux] ==> [/usr/include/c++/10/x86_64-redhat-linux]
  collapse include dir [/usr/lib/gcc/x86_64-redhat-linux/10/../../../../include/c++/10/backward] ==> [/usr/include/c++/10/backward]
  collapse include dir [/usr/lib/gcc/x86_64-redhat-linux/10/include] ==> [/usr/lib/gcc/x86_64-redhat-linux/10/include]
  collapse include dir [/usr/local/include] ==> [/usr/local/include]
  collapse include dir [/usr/include] ==> [/usr/include]
  implicit include dirs: [/usr/include/c++/10;/usr/include/c++/10/x86_64-redhat-linux;/usr/include/c++/10/backward;/usr/lib/gcc/x86_64-redhat-linux/10/include;/usr/local/include;/usr/include]


Parsed CXX implicit link information from above output:
  link line regex: [^( *|.*[/\])(ld|CMAKE_LINK_STARTFILE-NOTFOUND|([^/\]+-)?ld|collect2)[^/\]*( |$)]
  ignore line: [Change Dir: /home/gary/Documents/Coding/C++/Skila/build/CMakeFiles/CMakeTmp]
  ignore line: []
  ignore line: [Run Build Command(s):/usr/bin/gmake cmTC_e484b/fast && /usr/bin/gmake  -f CMakeFiles/cmTC_e484b.dir/build.make CMakeFiles/cmTC_e484b.dir/build]
  ignore line: [gmake[1]: Entering directory '/home/gary/Documents/Coding/C++/Skila/build/CMakeFiles/CMakeTmp']
  ignore line: [Building CXX object CMakeFiles/cmTC_e484b.dir/CMakeCXXCompilerABI.cpp.o]
  ignore line: [/usr/lib64/ccache/c++    -v -o CMakeFiles/cmTC_e484b.dir/CMakeCXXCompilerABI.cpp.o -c /usr/share/cmake/Modules/CMakeCXXCompilerABI.cpp]
  ignore line: [Using built-in specs.]
  ignore line: [COLLECT_GCC=/usr/bin/c++]
  ignore line: [OFFLOAD_TARGET_NAMES=nvptx-none]
  ignore line: [OFFLOAD_TARGET_DEFAULT=1]
  ignore line: [Target: x86_64-redhat-linux]
  ignore line: [Configured with: ../configure --enable-bootstrap --enable-languages=c c++ fortran objc obj-c++ ada go d lto --prefix=/usr --mandir=/usr/share/man --infodir=/usr/share/info --with-bugurl=http://bugzilla.redhat.com/bugzilla --enable-shared --enable-threads=posix --enable-checking=release --enable-multilib --with-system-zlib --enable-__cxa_atexit --disable-libunwind-exceptions --enable-gnu-unique-object --enable-linker-build-id --with-gcc-major-version-only --with-linker-hash-style=gnu --enable-plugin --enable-initfini-array --with-isl --enable-offload-targets=nvptx-none --without-cuda-driver --enable-gnu-indirect-function --enable-cet --with-tune=generic --with-arch_32=i686 --build=x86_64-redhat-linux]
  ignore line: [Thread model: posix]
  ignore line: [Supported LTO compression algorithms: zlib zstd]
  ignore line: [gcc version 10.2.1 20201125 (Red Hat 10.2.1-9) (GCC) ]
  ignore line: [COLLECT_GCC_OPTIONS='-v' '-c' '-o' 'CMakeFiles/cmTC_4b369.dir/CMakeCXXCompilerABI.cpp.o' '-shared-libgcc' '-mtune=generic' '-march=x86-64']
  ignore line: [ /usr/libexec/gcc/x86_64-redhat-linux/10/cc1plus -quiet -v -D_GNU_SOURCE /usr/share/cmake/Modules/CMakeCXXCompilerABI.cpp -quiet -dumpbase CMakeCXXCompilerABI.cpp -mtune=generic -march=x86-64 -auxbase-strip CMakeFiles/cmTC_4b369.dir/CMakeCXXCompilerABI.cpp.o -version -o /tmp/ccfXrmvu.s]
  ignore line: [GNU C++14 (GCC) version 10.2.1 20201125 (Red Hat 10.2.1-9) (x86_64-redhat-linux)]
  ignore line: [	compiled by GNU C version 10.2.1 20201125 (Red Hat 10.2.1-9)  GMP version 6.1.2  MPFR version 4.0.2-p9  MPC version 1.1.0  isl version isl-0.16.1-GMP]
  ignore line: []
  ignore line: [GGC heuristics: --param ggc-min-expand=100 --param ggc-min-heapsize=131072]
  ignore line: [ignoring nonexistent directory "/usr/lib/gcc/x86_64-redhat-linux/10/include-fixed"]
  ignore line: [ignoring nonexistent directory "/usr/lib/gcc/x86_64-redhat-linux/10/../../../../x86_64-redhat-linux/include"]
  ignore line: [#include "..." search starts here:]
  ignore line: [#include <...> search starts here:]
  ignore line: [ /usr/lib/gcc/x86_64-redhat-linux/10/../../../../include/c++/10]
  ignore line: [ /usr/lib/gcc/x86_64-redhat-linux/10/../../../../include/c++/10/x86_64-redhat-linux]
  ignore line: [ /usr/lib/gcc/x86_64-redhat-linux/10/../../../../include/c++/10/backward]
  ignore line: [ /usr/lib/gcc/x86_64-redhat-linux/10/include]
  ignore line: [ /usr/local/include]
  ignore line: [ /usr/include]
  ignore line: [End of search list.]
  ignore line: [GNU C++14 (GCC) version 10.2.1 20201125 (Red Hat 10.2.1-9) (x86_64-redhat-linux)]
  ignore line: [	compiled by GNU C version 10.2.1 20201125 (Red Hat 10.2.1-9)  GMP version 6.1.2  MPFR version 4.0.2-p9  MPC version 1.1.0  isl version isl-0.16.1-GMP]
  ignore line: []
  ignore line: [GGC heuristics: --param ggc-min-expand=100 --param ggc-min-heapsize=131072]
  ignore line: [Compiler executable checksum: 91221a52cf769686e1017ee522138a7f]
  ignore line: [COLLECT_GCC_OPTIONS='-v' '-c' '-o' 'CMakeFiles/cmTC_4b369.dir/CMakeCXXCompilerABI.cpp.o' '-shared-libgcc' '-mtune=generic' '-march=x86-64']
  ignore line: [ as -v --64 -o CMakeFiles/cmTC_4b369.dir/CMakeCXXCompilerABI.cpp.o /tmp/ccfXrmvu.s]
  ignore line: [GNU assembler version 2.34 (x86_64-redhat-linux) using BFD version version 2.34-6.fc32]
  ignore line: [COMPILER_PATH=/usr/libexec/gcc/x86_64-redhat-linux/10/:/usr/libexec/gcc/x86_64-redhat-linux/10/:/usr/libexec/gcc/x86_64-redhat-linux/:/usr/lib/gcc/x86_64-redhat-linux/10/:/usr/lib/gcc/x86_64-redhat-linux/]
  ignore line: [LIBRARY_PATH=/usr/lib/gcc/x86_64-redhat-linux/10/:/usr/lib/gcc/x86_64-redhat-linux/10/../../../../lib64/:/lib/../lib64/:/usr/lib/../lib64/:/usr/lib/gcc/x86_64-redhat-linux/10/../../../:/lib/:/usr/lib/]
  ignore line: [COLLECT_GCC_OPTIONS='-v' '-c' '-o' 'CMakeFiles/cmTC_4b369.dir/CMakeCXXCompilerABI.cpp.o' '-shared-libgcc' '-mtune=generic' '-march=x86-64']
  ignore line: [Linking CXX executable cmTC_e484b]
  ignore line: [/usr/bin/cmake -E cmake_link_script CMakeFiles/cmTC_e484b.dir/link.txt --verbose=1]
  ignore line: [/usr/lib64/ccache/c++      -v CMakeFiles/cmTC_e484b.dir/CMakeCXXCompilerABI.cpp.o  -o cmTC_e484b ]
  ignore line: [Using built-in specs.]
  ignore line: [COLLECT_GCC=/usr/bin/c++]
  ignore line: [COLLECT_LTO_WRAPPER=/usr/libexec/gcc/x86_64-redhat-linux/10/lto-wrapper]
  ignore line: [OFFLOAD_TARGET_NAMES=nvptx-none]
  ignore line: [OFFLOAD_TARGET_DEFAULT=1]
  ignore line: [Target: x86_64-redhat-linux]
  ignore line: [Configured with: ../configure --enable-bootstrap --enable-languages=c c++ fortran objc obj-c++ ada go d lto --prefix=/usr --mandir=/usr/share/man --infodir=/usr/share/info --with-bugurl=http://bugzilla.redhat.com/bugzilla --enable-shared --enable-threads=posix --enable-checking=release --enable-multilib --with-system-zlib --enable-__cxa_atexit --disable-libunwind-exceptions --enable-gnu-unique-object --enable-linker-build-id --with-gcc-major-version-only --with-linker-hash-style=gnu --enable-plugin --enable-initfini-array --with-isl --enable-offload-targets=nvptx-none --without-cuda-driver --enable-gnu-indirect-function --enable-cet --with-tune=generic --with-arch_32=i686 --build=x86_64-redhat-linux]
  ignore line: [Thread model: posix]
  ignore line: [Supported LTO compression algorithms: zlib zstd]
  ignore line: [gcc version 10.2.1 20201125 (Red Hat 10.2.1-9) (GCC) ]
  ignore line: [COMPILER_PATH=/usr/libexec/gcc/x86_64-redhat-linux/10/:/usr/libexec/gcc/x86_64-redhat-linux/10/:/usr/libexec/gcc/x86_64-redhat-linux/:/usr/lib/gcc/x86_64-redhat-linux/10/:/usr/lib/gcc/x86_64-redhat-linux/]
  ignore line: [LIBRARY_PATH=/usr/lib/gcc/x86_64-redhat-linux/10/:/usr/lib/gcc/x86_64-redhat-linux/10/../../../../lib64/:/lib/../lib64/:/usr/lib/../lib64/:/usr/lib/gcc/x86_64-redhat-linux/10/../../../:/lib/:/usr/lib/]
  ignore line: [COLLECT_GCC_OPTIONS='-v' '-o' 'cmTC_e484b' '-shared-libgcc' '-mtune=generic' '-march=x86-64']
  link line: [ /usr/libexec/gcc/x86_64-redhat-linux/10/collect2 -plugin /usr/libexec/gcc/x86_64-redhat-linux/10/liblto_plugin.so -plugin-opt=/usr/libexec/gcc/x86_64-redhat-linux/10/lto-wrapper -plugin-opt=-fresolution=/tmp/ccnYDTwO.res -plugin-opt=-pass-through=-lgcc_s -plugin-opt=-pass-through=-lgcc -plugin-opt=-pass-through=-lc -plugin-opt=-pass-through=-lgcc_s -plugin-opt=-pass-through=-lgcc --build-id --no-add-needed --eh-frame-hdr --hash-style=gnu -m elf_x86_64 -dynamic-linker /lib64/ld-linux-x86-64.so.2 -o cmTC_e484b /usr/lib/gcc/x86_64-redhat-linux/10/../../../../lib64/crt1.o /usr/lib/gcc/x86_64-redhat-linux/10/../../../../lib64/crti.o /usr/lib/gcc/x86_64-redhat-linux/10/crtbegin.o -L/usr/lib/gcc/x86_64-redhat-linux/10 -L/usr/lib/gcc/x86_64-redhat-linux/10/../../../../lib64 -L/lib/../lib64 -L/usr/lib/../lib64 -L/usr/lib/gcc/x86_64-redhat-linux/10/../../.. CMakeFiles/cmTC_e484b.dir/CMakeCXXCompilerABI.cpp.o -lstdc++ -lm -lgcc_s -lgcc -lc -lgcc_s -lgcc /usr/lib/gcc/x86_64-redhat-linux/10/crtend.o /usr/lib/gcc/x86_64-redhat-linux/10/../../../../lib64/crtn.o]
    arg [/usr/libexec/gcc/x86_64-redhat-linux/10/collect2] ==> ignore
    arg [-plugin] ==> ignore
    arg [/usr/libexec/gcc/x86_64-redhat-linux/10/liblto_plugin.so] ==> ignore
    arg [-plugin-opt=/usr/libexec/gcc/x86_64-redhat-linux/10/lto-wrapper] ==> ignore
    arg [-plugin-opt=-fresolution=/tmp/ccnYDTwO.res] ==> ignore
    arg [-plugin-opt=-pass-through=-lgcc_s] ==> ignore
    arg [-plugin-opt=-pass-through=-lgcc] ==> ignore
    arg [-plugin-opt=-pass-through=-lc] ==> ignore
    arg [-plugin-opt=-pass-through=-lgcc_s] ==> ignore
    arg [-plugin-opt=-pass-through=-lgcc] ==> ignore
    arg [--build-id] ==> ignore
    arg [--no-add-needed] ==> ignore
    arg [--eh-frame-hdr] ==> ignore
    arg [--hash-style=gnu] ==> ignore
    arg [-m] ==> ignore
    arg [elf_x86_64] ==> ignore
    arg [-dynamic-linker] ==> ignore
    arg [/lib64/ld-linux-x86-64.so.2] ==> ignore
    arg [-o] ==> ignore
    arg [cmTC_e484b] ==> ignore
    arg [/usr/lib/gcc/x86_64-redhat-linux/10/../../../../lib64/crt1.o] ==> ignore
    arg [/usr/lib/gcc/x86_64-redhat-linux/10/../../../../lib64/crti.o] ==> ignore
    arg [/usr/lib/gcc/x86_64-redhat-linux/10/crtbegin.o] ==> ignore
    arg [-L/usr/lib/gcc/x86_64-redhat-linux/10] ==> dir [/usr/lib/gcc/x86_64-redhat-linux/10]
    arg [-L/usr/lib/gcc/x86_64-redhat-linux/10/../../../../lib64] ==> dir [/usr/lib/gcc/x86_64-redhat-linux/10/../../../../lib64]
    arg [-L/lib/../lib64] ==> dir [/lib/../lib64]
    arg [-L/usr/lib/../lib64] ==> dir [/usr/lib/../lib64]
    arg [-L/usr/lib/gcc/x86_64-redhat-linux/10/../../..] ==> dir [/usr/lib/gcc/x86_64-redhat-linux/10/../../..]
    arg [CMakeFiles/cmTC_e484b.dir/CMakeCXXCompilerABI.cpp.o] ==> ignore
    arg [-lstdc++] ==> lib [stdc++]
    arg [-lm] ==> lib [m]
    arg [-lgcc_s] ==> lib [gcc_s]
    arg [-lgcc] ==> lib [gcc]
    arg [-lc] ==> lib [c]
    arg [-lgcc_s] ==> lib [gcc_s]
    arg [-lgcc] ==> lib [gcc]
    arg [/usr/lib/gcc/x86_64-redhat-linux/10/crtend.o] ==> ignore
    arg [/usr/lib/gcc/x86_64-redhat-linux/10/../../../../lib64/crtn.o] ==> ignore
  collapse library dir [/usr/lib/gcc/x86_64-redhat-linux/10] ==> [/usr/lib/gcc/x86_64-redhat-linux/10]
  collapse library dir [/usr/lib/gcc/x86_64-redhat-linux/10/../../../../lib64] ==> [/usr/lib64]
  collapse library dir [/lib/../lib64] ==> [/lib64]
  collapse library dir [/usr/lib/../lib64] ==> [/usr/lib64]
  collapse library dir [/usr/lib/gcc/x86_64-redhat-linux/10/../../..] ==> [/usr/lib]
  implicit libs: [stdc++;m;gcc_s;gcc;c;gcc_s;gcc]
  implicit dirs: [/usr/lib/gcc/x86_64-redhat-linux/10;/usr/lib64;/lib64;/usr/lib]
  implicit fwks: []


Determining if the include file pthread.h exists passed with the following output:
Change Dir: /home/gary/Documents/Coding/C++/Skila/build/CMakeFiles/CMakeTmp

Run Build Command(s):/usr/bin/gmake cmTC_cd35b/fast && /usr/bin/gmake  -f CMakeFiles/cmTC_cd35b.dir/build.make CMakeFiles/cmTC_cd35b.dir/build
gmake[1]: Entering directory '/home/gary/Documents/Coding/C++/Skila/build/CMakeFiles/CMakeTmp'
Building C object CMakeFiles/cmTC_cd35b.dir/CheckIncludeFile.c.o
/usr/lib64/ccache/cc    -o CMakeFiles/cmTC_cd35b.dir/CheckIncludeFile.c.o   -c /home/gary/Documents/Coding/C++/Skila/build/CMakeFiles/CMakeTmp/CheckIncludeFile.c
Linking C executable cmTC_cd35b
/usr/bin/cmake -E cmake_link_script CMakeFiles/cmTC_cd35b.dir/link.txt --verbose=1
/usr/lib64/ccache/cc      CMakeFiles/cmTC_cd35b.dir/CheckIncludeFile.c.o  -o cmTC_cd35b 
gmake[1]: Leaving directory '/home/gary/Documents/Coding/C++/Skila/build/CMakeFiles/CMakeTmp'



Determining if the function pthread_create exists in the pthread passed with the following output:
Change Dir: /home/gary/Documents/Coding/C++/Skila/build/CMakeFiles/CMakeTmp

Run Build Command(s):/usr/bin/gmake cmTC_324af/fast && /usr/bin/gmake  -f CMakeFiles/cmTC_324af.dir/build.make CMakeFiles/cmTC_324af.dir/build
gmake[1]: Entering directory '/home/gary/Documents/Coding/C++/Skila/build/CMakeFiles/CMakeTmp'
Building C object CMakeFiles/cmTC_324af.dir/CheckFunctionExists.c.o
/usr/lib64/ccache/cc   -DCHECK_FUNCTION_EXISTS=pthread_create   -o CMakeFiles/cmTC_324af.dir/CheckFunctionExists.c.o   -c /usr/share/cmake/Modules/CheckFunctionExists.c
Linking C executable cmTC_324af
/usr/bin/cmake -E cmake_link_script CMakeFiles/cmTC_324af.dir/link.txt --verbose=1
/usr/lib64/ccache/cc  -DCHECK_FUNCTION_EXISTS=pthread_create    CMakeFiles/cmTC_324af.dir/CheckFunctionExists.c.o  -o cmTC_324af  -lpthread 
gmake[1]: Leaving directory '/home/gary/Documents/Coding/C++/Skila/build/CMakeFiles/CMakeTmp'



Determining if the function XOpenDisplay exists in the /usr/lib64/libX11.so;/usr/lib64/libXext.so passed with the following output:
Change Dir: /home/gary/Documents/Coding/C++/Skila/build/CMakeFiles/CMakeTmp

Run Build Command(s):/usr/bin/gmake cmTC_61a17/fast && /usr/bin/gmake  -f CMakeFiles/cmTC_61a17.dir/build.make CMakeFiles/cmTC_61a17.dir/build
gmake[1]: Entering directory '/home/gary/Documents/Coding/C++/Skila/build/CMakeFiles/CMakeTmp'
Building C object CMakeFiles/cmTC_61a17.dir/CheckFunctionExists.c.o
/usr/lib64/ccache/cc   -DCHECK_FUNCTION_EXISTS=XOpenDisplay   -o CMakeFiles/cmTC_61a17.dir/CheckFunctionExists.c.o   -c /usr/share/cmake/Modules/CheckFunctionExists.c
Linking C executable cmTC_61a17
/usr/bin/cmake -E cmake_link_script CMakeFiles/cmTC_61a17.dir/link.txt --verbose=1
/usr/lib64/ccache/cc  -DCHECK_FUNCTION_EXISTS=XOpenDisplay    CMakeFiles/cmTC_61a17.dir/CheckFunctionExists.c.o  -o cmTC_61a17  /usr/lib64/libX11.so /usr/lib64/libXext.so 
gmake[1]: Leaving directory '/home/gary/Documents/Coding/C++/Skila/build/CMakeFiles/CMakeTmp'



Determining if the function gethostbyname exists passed with the following output:
Change Dir: /home/gary/Documents/Coding/C++/Skila/build/CMakeFiles/CMakeTmp

Run Build Command(s):/usr/bin/gmake cmTC_fa34f/fast && /usr/bin/gmake  -f CMakeFiles/cmTC_fa34f.dir/build.make CMakeFiles/cmTC_fa34f.dir/build
gmake[1]: Entering directory '/home/gary/Documents/Coding/C++/Skila/build/CMakeFiles/CMakeTmp'
Building C object CMakeFiles/cmTC_fa34f.dir/CheckFunctionExists.c.o
/usr/lib64/ccache/cc   -DCHECK_FUNCTION_EXISTS=gethostbyname   -o CMakeFiles/cmTC_fa34f.dir/CheckFunctionExists.c.o   -c /usr/share/cmake/Modules/CheckFunctionExists.c
Linking C executable cmTC_fa34f
/usr/bin/cmake -E cmake_link_script CMakeFiles/cmTC_fa34f.dir/link.txt --verbose=1
/usr/lib64/ccache/cc  -DCHECK_FUNCTION_EXISTS=gethostbyname    -rdynamic CMakeFiles/cmTC_fa34f.dir/CheckFunctionExists.c.o  -o cmTC_fa34f 
gmake[1]: Leaving directory '/home/gary/Documents/Coding/C++/Skila/build/CMakeFiles/CMakeTmp'



Determining if the function connect exists passed with the following output:
Change Dir: /home/gary/Documents/Coding/C++/Skila/build/CMakeFiles/CMakeTmp

Run Build Command(s):/usr/bin/gmake cmTC_f6782/fast && /usr/bin/gmake  -f CMakeFiles/cmTC_f6782.dir/build.make CMakeFiles/cmTC_f6782.dir/build
gmake[1]: Entering directory '/home/gary/Documents/Coding/C++/Skila/build/CMakeFiles/CMakeTmp'
Building C object CMakeFiles/cmTC_f6782.dir/CheckFunctionExists.c.o
/usr/lib64/ccache/cc   -DCHECK_FUNCTION_EXISTS=connect   -o CMakeFiles/cmTC_f6782.dir/CheckFunctionExists.c.o   -c /usr/share/cmake/Modules/CheckFunctionExists.c
Linking C executable cmTC_f6782
/usr/bin/cmake -E cmake_link_script CMakeFiles/cmTC_f6782.dir/link.txt --verbose=1
/usr/lib64/ccache/cc  -DCHECK_FUNCTION_EXISTS=connect    -rdynamic CMakeFiles/cmTC_f6782.dir/CheckFunctionExists.c.o  -o cmTC_f6782 
gmake[1]: Leaving directory '/home/gary/Documents/Coding/C++/Skila/build/CMakeFiles/CMakeTmp'



Determining if the function remove exists passed with the following output:
Change Dir: /home/gary/Documents/Coding/C++/Skila/build/CMakeFiles/CMakeTmp

Run Build Command(s):/usr/bin/gmake cmTC_cd2cf/fast && /usr/bin/gmake  -f CMakeFiles/cmTC_cd2cf.dir/build.make CMakeFiles/cmTC_cd2cf.dir/build
gmake[1]: Entering directory '/home/gary/Documents/Coding/C++/Skila/build/CMakeFiles/CMakeTmp'
Building C object CMakeFiles/cmTC_cd2cf.dir/CheckFunctionExists.c.o
/usr/lib64/ccache/cc   -DCHECK_FUNCTION_EXISTS=remove   -o CMakeFiles/cmTC_cd2cf.dir/CheckFunctionExists.c.o   -c /usr/share/cmake/Modules/CheckFunctionExists.c
Linking C executable cmTC_cd2cf
/usr/bin/cmake -E cmake_link_script CMakeFiles/cmTC_cd2cf.dir/link.txt --verbose=1
/usr/lib64/ccache/cc  -DCHECK_FUNCTION_EXISTS=remove    -rdynamic CMakeFiles/cmTC_cd2cf.dir/CheckFunctionExists.c.o  -o cmTC_cd2cf 
gmake[1]: Leaving directory '/home/gary/Documents/Coding/C++/Skila/build/CMakeFiles/CMakeTmp'



Determining if the function shmat exists passed with the following output:
Change Dir: /home/gary/Documents/Coding/C++/Skila/build/CMakeFiles/CMakeTmp

Run Build Command(s):/usr/bin/gmake cmTC_13005/fast && /usr/bin/gmake  -f CMakeFiles/cmTC_13005.dir/build.make CMakeFiles/cmTC_13005.dir/build
gmake[1]: Entering directory '/home/gary/Documents/Coding/C++/Skila/build/CMakeFiles/CMakeTmp'
Building C object CMakeFiles/cmTC_13005.dir/CheckFunctionExists.c.o
/usr/lib64/ccache/cc   -DCHECK_FUNCTION_EXISTS=shmat   -o CMakeFiles/cmTC_13005.dir/CheckFunctionExists.c.o   -c /usr/share/cmake/Modules/CheckFunctionExists.c
Linking C executable cmTC_13005
/usr/bin/cmake -E cmake_link_script CMakeFiles/cmTC_13005.dir/link.txt --verbose=1
/usr/lib64/ccache/cc  -DCHECK_FUNCTION_EXISTS=shmat    -rdynamic CMakeFiles/cmTC_13005.dir/CheckFunctionExists.c.o  -o cmTC_13005 
gmake[1]: Leaving directory '/home/gary/Documents/Coding/C++/Skila/build/CMakeFiles/CMakeTmp'



